10111010000000000000
10000100000000000000
11000011100000000000
11111000000000000000
10110000000000000000
11100010100000000000
11000000000000000000
11000000000000000000
11101100000000000000
11110100000000000000
11110010000000000000
10010000000000000000
11000000010000000000
10000100000000000000
11010000000000000000
11110000000000000000
11010010000000000000
10100000000000000000
11110001000000000000
10110000000000000000
11000000000000000000
10100000000000000000
11111100000000000000
11100000000000000000
10000000000000000000
10111110000000000000
11001000000000000000
11111000000000000000
10010000000000000000
10000100000000000000
11100000000000000000
11100000000000000000
10101100000000000000
10100000001100000000
11000000000000000000
10011100000000000000
11110000000000000000
11100000000000000000
11000000000000000000
11010000000000000000
10110000000000000000
11110000000000000000
10000000000000000000
10000000000000000000
11100100000000000000
11000000000000000000
11000000000000000000
10100000000000000000
10110000000000000000
11000000000000000000
10000000000000000000
10010000000000000000
10001100000000000000
11000010000000000000
11110100100000000000
11111100000000000000
10000000000000000000
11000001100000000000
11110000000000000000
11110000000000000000
11000000000000000000
11100000000000000000
10000000000000000000
11010100001000000000
11010000000000000000
11100100000000000000
11100000000000000000
11100000000000000000
10100000000000000000
11001000000000000000
10111100010000000000
11110101000000000000
10000000000000000000
11100010000000000000
11110101010000000000
10000000000000000000
11111000000000000000
10100010000000000000
10001000000000000000
10101010000000000000
11011000000000000000
11111100000000000000
11101000000000000000
11100100010000000000
11101000000000000000
11100110000000000000
10110011000000000000
11100000010000000000
11000000000000000000
10010000000000000000
11001000000000000000
11110001000000000000
11111000000000000000
11111000000000000000
11110110000000000000
10000000000000000000
10010000000000000000
11000000000000000000
10000000000000000000
10110000000000000000
11110010000000000000
10111100100000000000
10000000000000000000
11000100000000000000
11001100000000000000
11101000000000000000
11100010000000000000
11100110100000000000
10000000000000000000
11100100010000000000
11000000000000000000
11110101000000000000
10110000000000000000
11010100000000000000
11000000000000000000
11101000000000000000
11000000000000000000
11000100000000000000
11011000000000000000
11011111000000000000
11011000000000000000
11100100000000000000
11010000000100000000
10000100000000000000
11101000000000000000
10100000000000000000
10101000101000000000
11110000000000000000
11110000000000000000
11010000000000000000
11001000000000000000
11100010000000000000
11001000000000000000
11000000000000000000
10000000010000000000
11111011000000000000
11000000000000000000
11100000000000000000
10111000000000000000
10100000000000000000
11110010000000000000
11100000000000000000
11100000000000000000
11101100000000000000
11010100000000000000
11010000000000000000
11010000000000000000
11010000000000000000
11100000100000000000
11011000000000000000
11100000000000000000
11100000000000000000
10101000000000000000
11000100000000000000
11011010000000000000
11110000000000000000
10111000000000000000
10001000000000000000
11100000000000000000
11000101000000000000
11011000000000000000
11010000000000000000
11100000000000000000
11100000000000000000
11000000000000000000
11100010000010000000
11000000000000000000
10100000000000000000
11000000000000000000
11011000100000000000
11111000000000000000
11100000000000000000
11001000000000000000
11000000000000000000
11010001000000000000
10110000000000000000
11110000000000000000
10100100000000000000
11100100000000000000
11011000100000000000
11111010000000000000
11110000000000000000
10000000000000000000
11101100000000000000
11010100010000000000
11000011000000000000
10001000000000000000
10000000000000000000
11000100000000000000
11110010000000000000
10101000000000000000
10110000000000000000
11100000000000000000
11110100000000000000
10000000000000000000
10100000000000000000
11100100000000000000
10010100000000000000
10000000000000000000
11100000000000000000
11100000000000000000
10100000000000000000
11100000000000000000
11100000000000000000
11000001000000000000
11111000000000000000
11100000000000000000
11100001111000000000
10110000000000000000
11000001000000000000
11100000000000000000
11100100000000000000
11110110000000000000
11100000000000000000
11100000010100000000
11011010100000000000
10000101000000000000
10110000000000000000
11101000000000000000
11110000000000000000
11000000000000000000
11000100010000000000
11100110000000000000
11110001000000000000
11001110000000000000
11001000000000000000
11101000000000000000
11100000000000000000
11111000000000000000
11010000000000000000
11100000000000000000
11000010001110000000
11011010000000000000
11000000000000000000
11110000000000000000
10101000000000000000
11110000000000000000
11011000000000000000
10111000000000000000
11001000000000000000
11110000000000000000
11111110001000000000
11000010000000000000
11111100100000000000
10010100000000000000
11100010000000000000
11100100000000000000
10000000000000000000
11100000000000000000
10110000000000000000
