10207682
72257963
33445191
59015625
46513004
12409025
41685726
177534740
114519610
48090849
1446504
79448862
88865357
56856923
170865802
126902659
47198771
46734305
336905446
378475110
26818309
134907756
218408433
289502059
577018940
289966875
215744023
389348300
95448441
347597141
2991767
743867077
363338652
599092464
233670912
247259056
85172258
497808016
436530736
481699522
796696020
1100779915
620880926
1499342999
692723892
296489043
852154176
269443171
977748383
891550611
486076102
71826070
171105980
98574740
652335435
394494518
1509161942
729189172
1265105492
576046505
839604254
59061573
947853914
270537666
836889161
322674718
734566907
1580126672
1315723444
361867510
1009661675
1664948615
32634413
325519858
-2041223834
34585712
457496542
38311168
219941472
81602646
296448507
885594778
755152831
1593367856
1025564411
943658009
806259162
886980056
50843283
472389573
1785551414
1639107279
656335032
990459230
1320942399
714986524
464562519
1698525668
423827002
1308483158
994498678
1623518922
580192168
525959828
178452730
1168526104
1050261165
552395645
-2001007296
-1353521185
374242837
807845572
1460313501
-2025026461
704248173
470314848
-1324617847
1848221685
115350009
318389832
1785416685
1830252041
1847524877
926706626
425423838
753383017
537957234
909064732
87192880
-1925383459
525175694
851432027
1047701477
1848018140
837986398
407917125
470372018
1515339496
523927728
154946613
1209024972
1928457883
85875918
981668548
580928270
842635618
-1899114299
791360671
818679477
255234097
1910036174
-2102388587
238552488
86706709
1570820881
1461430022
-1906410205
-2036637071
12521028
629062558
801181646
1981992388
270537912
273038480
1924644501
1030654049
-1253113693
240581402
804656927
1234193580
803487389
1635612546
-368293648
1029445742
-1497658317
1486970799
-1418237831
54903828
60954225
1237768562
1659940961
144787885
-1659162175
1668776502
282958615
4237531
-770816726
-949763670
-1232573473
74172039
929290323
907869610
944022110
-1146026381
-518629088
-1910079485
255489457
-1075567388
1241999096
483759453
1403957637
-161144741
-348436583
-313303972
326497277
72965659
-641789354
141907683
725834930
1082502906
196979157
803042797
-1896233828
1351062839
-1951835179
2016927932
77809231
-547167997
37377101
400467541
2132055538
-1852769136
1980671019
180007117
1956414951
882021336
-377267934
1496036330
872462495
-1949545092
859168619
-1303002407
560148374
-994913289
665479323
-1420834757
-821366721
-929260961
1210579063
662254756
-1456522365
698266098
433614165
-1067729976
141618801
701635443
380290179
-237676436
192583240
1953181226
1967829208
642552005
-1671367561
495818530
-473580197
140110879
-466243832
1408088969
752740700
1536704323
-839106356
322538163
-1544965499
1715183205
-1374107545
212172348
358527080
-632795175
375703414
-1404701591
1568541388
-1500360940
-1900415432
1315097915
770862934
2025167302
1087395111
2052523676
478449340
483518746
583775984
1884543626
1612090488
-1913283093
1419560646
-639643781
369353591
-495510041
2109374898
746728946
2004390766
666668528
-1173462736
-31032278
783556125
8000368
-864898484
-1234866295
1178475927
148508952
1473051550
-1437017660
1882163250
279524334
875624670
195438170
-536180435
-506194028
-2024198769
-1692067031
661986660
1887241756
-2076454515
-1914697153
1225275802
-247997680
959957783
-1881726851
-1789055313
791351834
393853488
480347185
389817428
1007940074
-482798064
-1201246235
1109400787
753063825
-1633546457
-2140162819
152477856
-2109907423
-232680397
-1889735677
1106371466
1505860518
1018364987
1198579290
-1323313397
192965070
-305062103
1589501922
-1127197863
268318743
1046987948
226440102
-187820527
95490401
184091502
1463138767
1137530604
1886765066
-1922050550
1100808455
170354808
-1493150081
228785739
335977945
496098717
-145893080
1598086366
341062717
-2147468516
1568735166
336324405
-175027683
1126472836
1683994263
559887510
863268866
464097920
-714004437
-1546793901
-192598649
2109052556
-1738138452
1055629670
122488562
1080510772
386680916
2135337659
-1549067175
-1217042432
1511192337
924289916
740183641
34675598
-638402285
708070362
1750919427
-1035786952
200620397
-54542579
800580712
910691500
1395110098
-2051670811
-1448788824
1389808884
-1855775005
720196338
-540499392
637762655
230837314
1167876526
302004013
-736283253
1706972612
-1915084385
-1986636425
-225401676
129799917
-516821899
1529965859
-1839623825
-518443416
-1558781118
-1153304165
-1578367250
-1715195343
546325609
1210909366
-1733451513
-1662316229
243998722
-1414863387
521567886
255834738
-1216040408
-2036507180
-990351463
1057042118
1453873512
-1178949975
2132637964
-1218105969
844968599
-1476373484
96188611
-1048264364
422948812
-1555005169
380497635
-1151250942
-1936631128
1756571269
1682302776
1477175115
-1225271017
1934446312
519027816
1750303124
1418649859
332056293
-947650501
1107942902
-1964873357
-268468139
-419871870
1408202442
-1973832717
-1244760812
1380364711
-470468752
-190324112
1910422743
-32089849
1299461012
-612813758
1021116224
-1029223867
-2112746507
419251508
-1913882292
646651413
944151900
-296502365
999158158
1964664777
1999829903
-465589285
1648004234
1942151423
-1267859709
1145580614
-1024760571
-1139682886
1866538994
-1804389687
-1660799156
330754703
845227062
992808273
171794566
875356569
-357601926
1536157581
