2815
6316
8856
11160
14503
7351
20208
4382
3057
7062
4628
36928
1502
2240
3538
9268
9407
8776
21347
27450
15268
7393
1996
8763
16630
5309
4897
13024
12016
3044
23596
4258
1996
19878
19160
18365
17493
841
7393
10995
8352
1231
5925
39317
17930
12056
16103
8586
9029
6772
979
7930
4796
4668
884
2775
3057
114
1515
1152
3848
18106
2722
23546
3938
20572
268
2455
8858
16860
12067
11275
932
4460
3297
9974
1317
11926
35733
29759
2158
2589
6698
22267
4828
4975
2722
7707
2787
5836
18768
6588
23151
1971
14411
7444
15012
5353
14529
19335
15906
392
1237
17204
22113
6639
3991
4245
4019
3174
25903
5108
46555
9176
9558
15027
6537
3292
7444
23635
931
1784
8387
2911
4733
10131
8092
1731
6813
3530
6349
13221
9306
24178
19567
16276
25234
23033
1032
8395
7337
2318
3938
2247
4094
931
8375
12689
23542
8352
7114
742
14741
6271
7062
16671
10953
21131
3341
6235
4695
13753
6799
3478
13699
25940
395
6357
9772
1761
560
4445
7383
6916
8835
3928
22209
8930
1960
13404
17774
9724
23953
13437
11357
7455
4289
5359
1999
17708
2376
8392
4212
12891
19102
4660
9076
742
8776
7032
1488
6215
6588
6951
32774
4359
13019
8106
7864
13274
7393
7615
4530
5732
4978
6235
2375
8060
23596
2855
4817
9651
6804
2029
17364
20935
467
2734
17433
6668
6857
1797
5223
6304
6188
21293
1596
4867
31374
22165
10737
10482
619
2736
2686
11068
5224
1980
2491
24939
3328
7396
4656
294
1188
573
10719
4662
19251
2830
6036
9324
18524
1201
8564
2190
2567
1803
9977
5249
2455
209
14204
3939
5447
15982
6900
4656
2849
26782
1237
5005
6864
18405
9306
4129
38190
6162
8606
2519
17593
7787
5328
753
2837
20686
33889
8675
182
632
5464
14630
1649
7684
21935
14053
5971
4668
1099
3452
6953
10719
6526
7739
11570
18839
2376
3388
3360
12378
7005
19335
4256
2671
28866
428
8144
33492
5224
9939
8291
2539
8996
12845
22310
10864
4656
10646
18445
2821
4212
5558
5979
9928
4094
3086
25202
4638
38676
31819
18562
19081
841
3508
9992
6300
9492
5038
5223
8560
18179
20979
5210
21767
10482
3813
500
932
1705
18710
1969
8466
13352
13459
808
3868
8177
6017
1342
3995
6468
3950
8532
25574
12631
13571
1960
8323
6036
5574
7217
11577
2830
9282
15747
4377
11275
9675
560
6588
6928
2843
22558
8584
1999
12830
3621
29410
29123
1996
3974
6236
2982
4881
9683
17873
9651
8058
1581
3013
1675
22
2798
14103
11787
4445
2019
742
7591
3597
5223
7759
25568
19115
13578
5339
16502
1149
2878
7923
2568
3542
22698
2575
18085
463
14122
21419
28555
18489
10963
19520
41334
118
11354
1784
7562
42547
16926
2029
17976
18442
11270
20281
4642
1176
5224
21732
1414
753
8885
1029
3973
36547
21447
1338
1800
21514
41064
3427
26075
2693
31316
6990
3570
27724
6399
14462
21419
11550
5562
3955
18106
2503
22967
9629
4350
34070
2522
6349
4815
18534
14343
8991
18488
1932
7340
9298
11617
8876
25939
1532
2238
14241
26411
1406
10403
19496
2116
7198
3234
12299
5038
2279
6349
1547
17345
3147
2686
7574
38450
68
2055
27457
9974
1596
19335
5574
1858
9130
663
11188
5955
40147
11933
2643
1596
9522
14371
10942
26241
6616
7684
7583
1944
2671
1705
114
1859
2933
34323
5249
24351
7198
3932
10822
19176
12245
30125
8729
8005
23401
7896
16230
16903
18494
854
22116
11275
1999
8352
11339
1858
9597
12879
295
21899
13608
7476
18630
605
4212
1664
6588
10229
17873
24684
19754
17493
1188
11299
4289
2334
11280
15680
9237
4142
9600
3276
739
5812
1984
1032
6245
1980
21679
2836
5134
16335
302
5005
9746
11696
23100
26918
14601
1984
136
13215
516
8760
24436
5818
7423
7393
10590
11457
35909
462
432
1999
20438
18519
18722
4996
12174
2155
27122
1414
3950
9025
1671
9922
11675
568
10893
3928
10350
5562
412
9271
14404
6349
12815
3052
20917
28397
1459
9287
6578
12309
15818
2966
739
41826
11056
8547
3234
25289
2504
18952
5257
15966
5635
6639
18615
1649
6850
7684
12014
3003
9372
6734
764
7870
2637
34496
17820
9920
5832
467
5027
25464
2830
4708
3229
2777
15889
4445
295
11558
5236
6520
13215
2190
11325
4030
5396
21313
17801
2787
5428
5621
2158
7923
5804
8423
24356
1631
5516
9986
742
8468
7877
22
14991
9597
21665
9646
4847
7529
9800
31137
17812
5199
31322
2519
24228
8770
7001
20935
13634
21782
6753
3522
3522
4917
5005
9507
11325
1237
1374
3938
8068
7665
4367
9655
19786
619
3848
9892
17781
20910
8993
9169
8423
1032
6397
11743
1706
6380
4885
31080
2360
6856
13490
12056
2979
22201
2288
495
2029
150
8991
25974
2575
257
2787
14097
3427
17430
1243
500
11270
6629
9564
932
1515
9202
22883
2240
568
22133
14269
5779
2671
988
34473
14315
11704
4665
3292
31468
1858
12767
22338
25248
2247
2426
19797
768
2078
8169
5301
1889
753
7109
543
3390
10311
1541
27104
6587
2754
5683
2934
4066
505
12280
1414
38676
16060
4817
20210
2198
3770
5202
7682
2643
14815
3341
4507
3813
7449
8323
27509
2876
14108
5683
12010
10965
6246
14343
1971
7915
9047
13404
1406
13403
209
5897
7321
11305
5621
9800
1781
4847
13869
15507
11248
9939
2539
2029
7458
15836
2158
1493
15721
5373
2821
16116
7915
9544
5067
11121
12815
3360
1889
10148
2000
15134
19335
6919
1632
9957
739
10407
3939
14284
2363
1687
768
31691
30773
1858
7574
8352
543
7174
9646
10131
16108
1858
2982
664
23493
20193
1649
3754
6488
4748
1410
8239
11395
5106
1295
12010
841
18722
6668
7870
7739
11121
1940
7004
26888
765
11175
9304
2545
5931
2614
1172
4810
2349
17276
6512
10094
1830
3939
4369
12581
12275
7051
441
209
23059
2025
27658
3570
12235
1009
7591
19211
9021
5032
20593
11056
5032
9564
5197
2031
8868
2787
55298
2279
3021
2922
516
1459
