0
1
1
0
0
1
2
2
2
1
2
2
1
4
0
2
2
3
5
1
1
2
2
2
3
3
9
3
4
2
2
3
5
7
2
1
4
4
7
7
1
2
2
1
2
12
4
5
35
38
4
3
9
19
9
2
9
14
25
12
30
6
4
3
7
3
1
6
3
6
4
2
3
7
29
11
22
1
3
18
8
35
43
12
8
11
21
4
5
5
21
2
29
21
14
25
5
2
10
8
2
25
1
6
2
17
1
27
68
23
4
8
12
66
11
26
18
36
1
18
62
1
23
89
7
17
2
35
27
68
6
27
20
35
63
54
2
46
15
5
3
9
4
47
4
13
2
9
98
19
68
5
15
5
49
14
10
3
1
63
4
71
10
9
11
4
25
34
81
40
60
13
46
7
13
18
1
46
4
2
21
15
5
19
9
12
9
96
55
9
16
60
50
2
2
12
11
45
49
23
44
103
48
40
26
15
25
30
19
24
61
94
39
1
2
1
8
5
32
88
1
88
39
10
11
17
2
11
58
8
21
26
1
6
12
51
3
12
3
117
3
41
99
5
8
13
17
71
99
15
53
14
108
141
112
3
104
11
1
1
13
88
23
104
82
75
17
13
124
163
2
8
8
127
159
15
1
8
8
89
31
25
33
5
42
3
109
24
43
20
12
19
6
57
113
21
27
22
23
28
7
3
30
2
2
5
16
11
116
26
73
16
118
10
5
95
16
54
5
11
27
24
3
52
17
7
18
56
53
25
12
75
3
26
49
9
19
10
14
13
7
90
90
12
11
29
49
2
2
168
6
4
14
9
51
30
5
3
7
95
9
18
6
16
6
5
87
5
62
14
160
4
16
85
26
10
5
3
23
3
108
141
6
8
91
13
36
63
92
22
4
4
42
21
23
61
81
3
49
24
42
14
1
14
42
33
21
8
18
43
3
4
22
12
119
3
34
123
11
68
6
5
122
15
23
6
9
3
72
13
62
7
3
9
43
49
29
93
30
13
20
20
30
23
20
11
34
5
4
11
26
23
15
20
1
10
23
8
78
13
49
12
9
68
63
35
9
10
61
20
14
41
64
17
21
70
1
4
111
107
23
9
5
68
61
2
52
2
4
30
134
35
118
6
15
47
26
8
14
45
49
55
42
11
116
2
51
29
34
10
27
8
4
7
5
37
78
4
6
85
3
4
7
24
13
121
165
9
10
18
18
42
9
34
60
74
23
27
71
16
2
5
50
9
30
7
20
16
19
2
54
49
9
14
103
5
4
4
22
21
21
36
11
3
12
9
6
91
161
11
39
18
2
34
8
9
7
25
5
10
3
23
28
7
7
31
64
6
20
5
34
2
18
4
24
3
7
3
2
27
35
18
6
32
58
2
55
35
243
3
18
43
31
20
142
58
41
1
15
21
46
110
111
26
242
37
21
148
20
15
63
24
4
79
128
68
21
48
14
4
77
43
19
192
24
8
35
76
47
36
125
17
21
38
90
59
47
26
15
5
25
5
29
1
5
15
11
23
176
2
3
26
10
17
28
79
2
20
87
43
20
78
33
91
44
1
12
36
41
209
67
3
126
7
55
4
41
106
11
88
195
269
92
4
18
35
111
164
83
6
5
13
16
35
137
66
25
6
145
4
19
28
21
30
91
7
35
152
11
14
19
9
3
73
18
11
12
219
13
168
20
61
38
51
123
63
5
10
41
30
161
16
219
51
56
39
5
35
16
59
4
6
1
34
25
84
114
19
18
21
1
10
66
42
134
77
48
10
40
7
2
22
3
61
2
7
24
3
66
114
140
32
8
25
60
78
236
34
53
19
85
20
79
32
40
68
71
58
6
182
4
19
53
15
11
35
10
6
13
53
23
40
14
125
7
34
27
65
40
23
41
42
110
55
30
200
57
6
10
7
16
8
47
4
3
98
60
49
70
10
34
4
4
62
48
153
2
94
65
132
69
60
45
24
4
61
38
82
42
66
65
3
11
10
88
3
61
12
11
40
2
3
16
64
45
21
84
45
89
114
2
40
13
60
4
18
4
23
72
8
61
80
30
5
31
105
55
68
85
6
13
3
35
21
194
75
2
16
26
166
49
81
68
74
63
1
50
123
4
7
16
4
3
54
63
55
11
42
97
65
1
103
77
7
6
76
26
143
87
18
167
13
25
3
13
16
83
136
75
2
71
123
3
13
42
14
5
47
22
19
239
38
2
66
84
151
48
7
17
120
25
11
3
6
10
40
53
20
91
9
71
23
147
19
68
26
23
6
107
16
3
8
60
22
63
1
4
13
15
99
53
2
11
4
67
40
51
94
136
55
16
10
11
93
29
2
120
113
35
71
96
96
41
114
11
8
50
4
2
2
26
45
7
114
50
4
27
37
18
4
43
10
197
33
71
34
96
17
172
23
153
60
81
206
5
40
33
6
20
213
47
36
84
83
25
11
55
21
29
3
7
72
219
45
55
5
1
13
4
41
2
204
230
5
7
4
77
192
20
103
214
108
12
70
30
2
6
6
9
12
20
104
58
80
77
73
9
28
44
123
81
215
56
30
224
220
48
15
68
41
64
84
8
177
16
3
22
136
2
34
223
17
52
16
1
4
117
8
10
1
43
20
45
81
14
91
24
25
71
39
145
8
8
35
27
2
6
2
106
27
3
23
18
2
5
68
12
12
16
1
51
13
138
4
133
24
2
11
42
63
58
41
22
38
35
134
7
115
140
3
32
5
4
10
127
10
59
13
79
37
14
57
116
49
27
35
3
2
30
97
68
12
46
78
62
17
9
79
14
60
56
66
91
12
1
45
19
21
79
146
67
3
15
25
49
11
77
28
9
104
3
12
34
8
1
38
6
2
21
5
2
48
70
238
63
9
21
8
6
7
20
83
23
40
15
18
7
14
88
33
42
37
40
53
38
84
130
1
81
12
27
46
98
16
15
14
35
1
191
57
80
145
38
79
22
4
19
64
43
35
101
19
32
40
55
24
9
36
19
8
58
12
76
10
85
2
43
1
39
26
5
1
69
4
17
2
51
48
10
7
26
65
10
79
61
26
25
10
3
40
34
51
23
26
170
86
3
15
30
72
32
9
3
17
17
51
22
3
41
30
48
1
11
20
36
154
30
8
39
43
3
2
41
24
15
59
29
7
51
11
33
58
5
7
35
9
43
57
11
23
10
75
79
33
43
47
35
68
15
15
32
14
27
20
63
48
238
17
69
105
10
61
30
95
76
24
3
9
3
30
17
66
38
31
34
65
2
12
5
34
12
6
51
26
18
40
53
11
22
38
29
3
26
15
1
3
40
4
7
6
27
35
35
9
44
49
52
34
90
35
43
92
8
8
28
66
23
3
41
51
23
29
45
39
42
15
27
56
28
223
5
33
15
7
51
66
68
9
83
85
6
101
4
1
45
11
157
62
15
38
141
21
87
12
73
43
131
11
137
14
24
114
25
38
35
53
6
28
27
72
4
32
20
45
41
45
166
33
5
39
26
24
35
113
136
211
60
10
63
69
47
118
3
97
4
94
48
271
106
148
5
8
3
68
5
132
4
43
19
13
6
2
4
53
31
39
51
24
4
13
68
13
19
61
6
105
33
40
152
117
66
58
3
4
12
51
4
55
29
42
26
79
45
77
61
115
43
23
162
106
50
135
94
8
3
114
3
29
13
48
17
43
16
40
3
50
233
74
73
28
37
3
107
12
114
41
8
1
20
93
38
32
10
1
18
4
20
18
47
52
34
3
26
157
54
18
82
10
204
112
69
50
15
20
43
118
108
48
10
62
41
139
24
91
40
41
5
83
35
149
30
117
38
136
2
44
59
8
211
63
44
153
21
18
192
6
28
73
69
17
192
35
6
5
108
8
22
89
83
94
17
310
35
9
7
3
127
66
22
297
28
49
13
4
49
2
61
22
72
23
3
53
62
10
221
10
15
75
24
6
13
1
99
181
79
24
15
52
43
123
63
14
46
54
90
23
9
159
139
91
11
6
4
184
128
51
23
95
30
36
61
333
36
5
71
47
26
187
50
41
100
3
81
365
64
134
43
105
96
66
86
19
144
66
3
89
295
65
139
5
98
5
4
59
14
10
13
78
112
290
41
81
99
43
58
6
134
21
233
110
44
8
91
106
234
48
311
16
12
65
60
5
6
14
30
44
34
98
153
37
121
58
5
63
50
142
24
3
15
42
4
3
101
86
116
410
4
294
63
47
8
11
109
52
2
25
2
11
122
3
131
104
14
30
2
8
71
81
4
41
62
8
26
5
78
20
48
92
89
79
78
177
98
103
3
91
187
21
3
103
53
1
91
49
11
58
103
147
31
15
142
5
117
32
215
56
4
2
75
26
85
4
96
31
319
175
55
22
145
53
1
26
35
125
27
22
105
7
15
3
61
74
56
28
55
25
63
59
1
57
79
64
167
27
22
3
18
6
3
46
79
54
2
17
2
84
64
2
34
3
9
3
79
1
127
30
91
39
19
21
24
17
3
113
227
30
127
17
383
109
81
47
87
18
27
96
77
103
58
101
61
30
34
4
74
50
16
36
60
55
79
84
30
434
3
96
293
33
89
81
21
113
57
35
13
125
141
7
33
53
21
22
10
70
72
20
10
2
81
189
152
11
89
69
2
4
14
78
95
12
96
101
166
100
88
18
19
23
22
15
18
20
5
15
40
12
68
80
93
31
22
34
51
9
181
57
82
91
44
29
80
64
3
288
5
16
1
95
222
129
21
11
81
23
128
79
111
8
28
16
7
91
127
261
73
213
38
125
88
15
46
29
4
28
84
8
13
66
64
20
70
77
31
10
65
20
71
23
37
90
17
102
107
4
11
47
98
37
26
384
154
15
41
141
149
223
2
6
40
32
176
58
65
151
56
4
128
180
72
161
203
81
53
1
58
19
29
52
17
53
26
33
50
49
30
61
80
58
4
160
21
140
75
5
91
19
5
11
32
32
149
2
127
191
92
129
18
82
54
6
71
48
23
301
13
42
21
2
150
386
18
115
3
94
11
137
27
88
76
13
47
3
404
5
55
2
3
119
133
13
106
110
27
18
12
47
49
11
57
69
5
49
98
311
3
10
20
15
108
3
167
18
10
31
100
112
111
90
40
3
2
48
29
10
30
152
65
52
2
40
89
91
62
14
2
280
157
33
45
114
19
73
2
2
43
2
146
247
47
2
129
14
115
60
27
39
64
21
17
85
39
3
75
117
214
47
8
45
354
84
84
83
57
50
24
108
104
7
10
68
26
91
142
127
2
95
60
297
92
45
50
150
3
3
25
11
127
63
30
54
85
76
129
110
92
36
26
15
67
53
2
141
4
73
71
27
20
52
22
47
63
12
170
165
111
49
47
101
12
169
100
68
13
147
2
93
5
19
75
2
2
4
166
44
36
6
34
117
12
106
2
134
13
94
397
275
106
4
57
390
9
82
58
18
420
10
2
1
61
92
3
66
76
13
30
147
197
2
78
5
3
59
19
8
67
193
28
74
94
29
85
19
9
51
49
75
170
55
30
36
74
23
149
68
87
148
47
146
43
85
73
71
61
285
9
169
99
153
14
58
2
6
120
37
277
8
3
98
96
100
72
291
4
38
88
81
8
84
127
39
8
17
121
293
88
33
44
11
3
35
141
116
19
23
1
62
58
57
336
61
110
41
297
149
55
89
60
18
90
2
57
75
71
58
147
8
87
74
81
17
45
23
44
31
107
97
3
19
8
37
75
191
214
40
116
22
21
80
82
2
11
40
61
83
348
20
85
67
3
3
94
7
2
108
3
4
18
9
117
30
27
34
12
143
45
2
72
95
2
100
13
64
42
10
23
21
103
41
177
2
9
17
102
144
42
4
17
124
51
30
55
8
104
2
87
28
34
11
119
36
108
42
100
6
317
117
47
399
5
5
121
110
71
11
92
1
98
88
1
100
105
51
128
5
66
4
125
77
54
64
65
90
95
28
30
38
1
19
123
17
14
12
113
11
56
43
8
3
82
48
54
94
45
4
27
91
73
61
14
53
22
12
15
46
25
99
102
4
74
37
29
21
8
131
97
4
44
66
9
128
84
61
80
54
103
27
29
65
37
108
2
121
38
6
8
4
17
5
129
12
116
61
16
134
8
41
32
36
18
116
6
4
57
2
19
4
105
131
9
17
3
2
19
11
22
66
70
17
38
84
3
25
2
101
112
77
76
60
80
89
118
185
23
30
59
51
75
22
181
362
55
82
2
75
78
16
38
88
154
174
47
15
46
5
14
5
222
64
28
11
30
78
29
9
334
35
110
137
11
13
100
35
15
4
49
102
26
23
17
21
6
346
104
123
93
33
70
28
83
24
4
48
37
310
145
3
72
81
13
56
200
4
234
4
40
139
23
65
6
7
126
132
59
65
204
116
74
29
1
34
49
95
4
92
13
8
49
7
22
38
37
3
84
3
15
62
10
16
110
5
52
3
146
96
40
105
152
8
61
16
9
104
19
90
11
2
69
25
17
8
16
54
3
91
116
73
93
219
81
45
62
44
4
95
66
76
90
37
18
25
104
109
2
36
5
2
5
55
171
36
81
16
3
33
23
110
80
89
52
59
4
90
24
79
12
11
4
70
18
23
31
59
44
67
3
2
154
112
22
58
66
83
84
125
66
102
45
117
58
42
17
3
54
11
170
81
26
48
62
47
90
85
227
9
51
296
50
3
2
43
12
23
50
146
86
27
45
30
85
5
147
11
43
33
27
41
130
5
6
159
96
6
11
53
92
26
82
134
4
64
3
66
111
29
131
177
70
72
98
58
396
49
110
74
60
24
162
40
34
16
10
5
209
33
4
195
4
31
3
38
157
47
215
20
75
53
166
19
286
135
52
43
44
98
57
162
9
76
105
36
84
124
13
191
78
46
2
32
108
27
3
82
6
95
111
59
7
33
1
102
71
27
14
3
18
22
290
99
2
252
28
103
142
52
47
123
30
3
97
41
14
84
109
120
42
32
34
61
288
50
99
7
188
14
150
100
19
127
7
87
81
153
23
146
6
34
42
84
57
2
27
24
5
67
16
35
132
89
91
3
80
237
58
110
23
153
3
27
11
54
92
40
111
76
84
38
308
29
275
175
42
15
26
94
125
19
82
41
4
65
195
52
3
5
2
83
38
49
67
71
176
434
90
3
39
212
3
12
68
27
43
75
41
20
94
105
67
74
27
7
2
32
40
57
60
84
11
40
16
13
111
54
9
6
103
5
89
21
30
4
71
26
8
5
35
91
9
98
19
157
30
11
52
24
47
153
29
56
75
81
67
17
8
2
2
16
59
90
17
14
93
300
11
6
80
46
44
91
2
71
35
6
15
61
1
53
1
29
116
22
113
99
97
81
9
21
51
35
1
99
133
128
21
63
25
110
15
27
11
12
55
82
11
8
113
117
82
88
43
37
101
3
16
71
6
66
4
82
69
19
125
19
34
192
6
15
3
50
19
15
96
44
5
129
2
13
34
68
103
129
5
4
3
26
4
22
84
36
55
15
24
42
48
2
54
21
15
31
24
18
31
112
30
10
91
4
98
150
55
116
76
9
7
44
47
10
2
45
3
59
36
18
81
83
300
47
6
318
187
38
59
72
34
2
2
84
16
57
116
1
63
31
26
63
198
1
85
14
8
61
34
50
53
46
84
28
92
65
232
220
100
40
24
11
1
59
23
2
85
54
16
6
335
80
153
38
42
5
120
84
11
51
22
31
25
89
63
20
138
71
43
103
94
27
11
394
59
80
24
2
111
93
119
100
38
11
83
4
27
9
23
188
31
54
8
24
138
41
65
57
2
2
99
40
81
58
157
8
71
12
106
2
30
10
150
101
61
21
46
3
201
46
70
28
7
90
67
25
2
89
29
94
19
8
104
10
44
140
392
57
13
106
46
125
26
24
125
4
3
76
369
10
71
17
150
17
4
103
26
2
22
85
123
29
138
396
3
74
135
26
14
261
119
22
181
3
38
82
209
107
15
104
4
44
42
43
81
147
17
30
5
1
147
50
6
33
35
76
90
43
115
30
87
4
28
40
73
5
70
20
35
17
36
22
23
6
47
11
22
2
98
89
84
68
18
108
89
47
21
139
34
9
62
49
24
61
4
139
9
4
4
100
107
261
4
21
82
102
174
39
1
9
4
4
31
10
8
1
48
3
117
402
220
28
4
109
117
16
138
240
112
24
6
38
84
94
13
50
81
124
47
110
64
9
19
72
8
16
57
6
5
26
126
146
96
3
2
37
192
38
67
2
84
76
74
16
28
14
2
170
157
17
57
63
8
82
58
83
54
35
110
116
62
110
48
90
100
40
116
3
95
199
361
49
5
45
29
10
51
21
21
95
18
28
1
3
3
13
34
220
44
2
28
148
1
35
97
4
26
5
21
57
63
30
2
1
74
10
37
31
98
80
115
46
15
76
31
66
14
11
147
19
5
82
99
47
73
45
88
58
1
105
18
35
236
86
181
297
212
9
99
45
123
338
2
56
177
93
116
121
132
84
106
347
30
141
6
79
52
66
27
147
81
147
14
38
3
306
9
43
5
2
37
102
146
299
2
21
80
31
125
5
41
112
49
123
71
119
141
89
85
14
426
55
23
147
5
57
113
110
94
29
55
217
114
47
211
71
47
10
18
293
65
80
3
49
10
21
26
18
135
93
87
3
3
16
93
159
107
215
31
2
71
7
30
58
30
71
30
47
3
20
10
13
2
38
43
64
16
48
52
330
42
76
133
2
209
84
55
141
13
45
5
297
32
61
29
74
23
7
192
74
11
63
45
72
6
126
33
15
50
33
64
139
160
17
3
15
217
61
125
3
118
53
25
61
34
41
2
9
6
26
89
5
9
1
79
2
86
147
42
70
12
199
6
58
50
13
23
2
4
100
22
112
5
100
55
53
46
148
118
18
59
97
2
25
92
5
32
118
10
50
112
84
86
3
3
25
290
33
2
23
26
20
16
49
151
7
50
4
6
20
46
139
48
20
4
123
24
61
32
113
49
16
33
26
29
33
27
19
43
119
185
34
238
27
15
26
169
84
16
