6336
4185
2283
4385
5444
6547
9188
2671
7753
4185
3442
5239
14678
10515
9853
6562
5515
1729
6301
3562
3299
4605
9190
3562
7753
1986
12055
9853
5398
5444
4269
7976
5538
4016
5130
1732
10331
11063
14251
2337
10822
5538
7394
9080
14243
6554
4582
5239
2337
6928
3287
2188
3302
1732
4453
3875
7749
10333
2128
4167
7741
9851
11063
7483
4041
2128
1879
6292
4269
9197
6563
2188
4269
4041
3992
3442
3225
8955
4269
6300
10691
9850
5038
4670
2188
2671
3781
1548
4269
11063
3562
1732
2669
10822
4605
10742
10515
3286
6301
2742
6563
6563
7743
4670
1732
10822
10822
6518
12055
5244
4029
4910
3287
5130
6301
5444
3186
4385
9232
4041
2128
2502
5130
5038
2283
6776
2188
5538
8088
4978
3299
8776
1620
3281
3775
1986
2195
3287
3000
3302
5444
11063
8776
14680
4670
2125
18753
8776
1879
1548
8955
10515
4185
11063
6301
5007
11528
3450
7394
3302
4980
5130
8092
4604
4605
4185
4605
12322
5244
5444
4190
4605
3754
12208
3442
7976
4269
2671
1986
10741
3404
6776
5130
4980
5028
4185
1548
10742
8092
3404
8776
4980
10742
4888
4385
4980
14251
3404
14680
4920
7394
2337
7752
9853
8776
12321
9235
1853
6554
18753
5244
3285
4980
12055
3243
3404
14680
10822
5244
11063
3884
2503
3992
3562
4185
6662
10742
1986
4670
4605
18753
4206
7976
3558
3562
6776
2188
8092
4605
2742
2104
2337
4047
5130
4041
4269
18746
1841
1986
9853
9235
9197
4041
4385
1732
8955
4605
10822
5038
6336
18753
1548
6691
12055
5444
3287
4185
11063
8776
2509
4980
1847
6522
2669
14251
4980
6563
3243
1853
1879
5538
4190
4185
3241
12055
3299
4605
12322
4185
4385
5444
6682
6928
6336
8092
14243
10759
9197
10333
18741
10333
4385
12055
14251
4800
2671
5202
4592
3299
1879
7753
6301
5444
7394
10167
6554
3296
4185
10515
10515
7394
2127
1853
4041
11063
4635
14680
3562
3302
1853
3398
6662
5444
3449
8451
14680
18753
5430
1879
7394
4113
18379
10423
3562
3965
3884
4185
12112
14680
9853
2283
3287
2697
7753
5762
4288
4288
1986
3781
3450
3450
14251
2127
1986
3428
10822
4670
3404
9235
2128
4661
10515
10742
2788
3851
1954
3558
3000
2788
4288
6554
3404
8092
2182
5536
4973
3449
2188
4605
1841
9838
10333
3302
3779
4582
2788
10513
3881
6776
12055
7976
6776
8955
11063
4575
3287
4269
3884
1732
4605
3351
8955
3881
10333
4605
10333
4047
9235
3442
14680
4670
3302
5038
3299
10810
4288
12055
10742
9197
14680
1841
2184
14251
3363
4185
2337
2502
3449
11063
1652
10822
7960
7394
4185
6563
12318
14251
4561
10333
1853
4279
5444
2972
2188
3518
10822
3559
4605
3302
9117
10333
4288
10331
9235
3287
9853
3243
6301
5130
1620
7750
12055
4628
2495
5244
4041
7834
2188
11921
10821
1879
9195
2503
6336
6928
11063
5444
5632
3775
1548
6928
10742
3287
4269
18753
5060
11063
11962
9235
18746
3298
6551
8092
3442
4385
4185
2655
10515
4047
1853
10333
4288
6559
4278
5538
3299
3884
9181
3884
4269
10736
1879
1732
4931
4269
2665
18753
14680
4047
14680
2985
3440
6928
2671
2671
3450
1698
7601
4269
12055
9197
2337
4635
2516
7394
1986
1853
10333
7603
3875
5244
3884
3404
7603
8776
4047
5114
4041
6301
3825
1652
12112
8092
6776
4130
10515
6776
7750
12321
18753
4940
11063
3000
2188
2283
4670
14247
3781
6336
1548
9793
2283
2283
2777
3288
4041
3884
5538
3243
4288
4604
1853
3404
2335
2671
11863
8753
6073
4948
8776
10515
1701
3562
1544
6336
3287
4047
8092
1849
18753
5130
5244
3740
2283
2282
2337
10991
4269
2335
11063
3884
5060
8955
8740
6548
9235
6336
2280
9197
2188
3287
3781
3287
3276
3302
4604
10289
1707
4269
4385
5632
4670
6359
6299
2671
3404
4037
9853
1853
6563
6460
1720
8955
10331
9190
1850
3884
5038
6928
6776
2503
5038
9853
3450
4047
1728
10515
3287
6928
3884
14235
4185
3286
2337
1732
14248
4605
5243
3781
1548
5520
1729
6554
10333
5632
6776
3276
5538
14677
1732
3884
3781
4670
6691
6922
9853
3781
3287
18753
11063
6776
4269
12055
1845
10740
4041
3299
7603
5797
8775
4047
3442
2283
6332
2998
5444
3439
7741
4269
1986
14235
4185
6301
4418
3404
7929
12052
9197
4043
3299
3302
7394
6554
3302
2128
3450
1720
14680
1879
6301
10742
9852
6563
4920
6563
7976
14680
6547
4269
3000
4269
5433
7834
5515
2337
3243
10333
5443
8863
4037
6776
3000
9197
4288
3302
1875
9853
5128
4888
18753
8092
2337
10423
1986
1986
4980
2788
3781
6563
5244
4920
5538
4605
3781
3300
7603
9853
1847
3287
2742
4800
6563
7394
7904
10333
7394
4185
2128
2128
3299
9853
6928
6554
9853
3243
5538
4041
6414
10710
3441
1732
4047
5130
18753
3440
11063
3446
6563
2128
2785
5244
14680
14678
4185
11063
8092
6332
1986
3781
4165
8092
7744
3450
12186
14251
6526
7976
3450
1546
4980
3302
4605
3302
8278
2666
7603
2671
5444
18565
6776
6336
2671
11063
5130
10742
4605
10515
5130
6336
6526
3265
2128
7050
2188
2325
4385
5538
3332
18753
4180
10742
6733
1554
3302
3243
3884
5444
3562
3775
5130
1845
4605
8776
4980
4605
3404
4285
1731
6336
12055
5444
3000
2999
1732
4185
6301
3000
4297
3299
7394
12055
4980
5382
4980
6563
9195
3000
7753
8092
5244
2283
8577
12322
3404
6776
4605
9853
10332
2788
4912
2283
9853
7936
2503
6563
6776
4896
3781
6298
2787
1497
6563
1853
3562
1548
10742
9287
5130
8776
7603
1730
6939
3287
4041
6928
3781
5459
1732
7753
2603
10333
4393
2788
10741
4185
1879
6460
10742
18753
6300
4288
2503
11063
7972
10822
12322
4980
9197
6301
5244
11921
3442
2788
7636
3243
1986
10423
3370
4575
8091
3243
3562
7392
8955
2788
4185
6563
10742
11063
5444
6554
4605
2182
1879
10821
12322
7394
8735
8776
7976
